Analysis & Synthesis report for hdmiImageOverlay
Mon May 28 21:10:49 2018
Quartus Prime Version 17.1.0 Build 590 10/25/2017 SJ Lite Edition


---------------------
; Table of Contents ;
---------------------
  1. Legal Notice
  2. Analysis & Synthesis Summary
  3. Analysis & Synthesis Settings
  4. Parallel Compilation
  5. Analysis & Synthesis Source Files Read
  6. Analysis & Synthesis Resource Usage Summary
  7. Analysis & Synthesis Resource Utilization by Entity
  8. State Machine - |hdmiImageOverlay|i2cInterface:i2c|currentState
  9. State Machine - |hdmiImageOverlay|dataWrite:dataWrite_module|nextState
 10. State Machine - |hdmiImageOverlay|dataWrite:dataWrite_module|currentState
 11. Registers Removed During Synthesis
 12. General Register Statistics
 13. Parameter Settings for User Entity Instance: Top-level Entity: |hdmiImageOverlay
 14. Parameter Settings for User Entity Instance: clockGen:pixelClockGen
 15. Parameter Settings for User Entity Instance: counter:hCounter
 16. Parameter Settings for User Entity Instance: counter:vCounter
 17. Parameter Settings for User Entity Instance: hsync:hSync
 18. Parameter Settings for User Entity Instance: vsync:vSync
 19. Parameter Settings for User Entity Instance: DE:de_module
 20. Parameter Settings for User Entity Instance: dataWrite:dataWrite_module
 21. Parameter Settings for User Entity Instance: i2cRegisterConfigure:i2cROM
 22. Parameter Settings for User Entity Instance: i2cInterface:i2c
 23. Parameter Settings for User Entity Instance: i2cInterface:i2c|clockGen:clockDivider
 24. Port Connectivity Checks: "DE:de_module"
 25. Port Connectivity Checks: "counter:vCounter"
 26. Port Connectivity Checks: "counter:hCounter"
 27. Post-Synthesis Netlist Statistics for Top Partition
 28. Elapsed Time Per Partition
 29. Analysis & Synthesis Messages
 30. Analysis & Synthesis Suppressed Messages



----------------
; Legal Notice ;
----------------
Copyright (C) 2017  Intel Corporation. All rights reserved.
Your use of Intel Corporation's design tools, logic functions 
and other software and tools, and its AMPP partner logic 
functions, and any output files from any of the foregoing 
(including device programming or simulation files), and any 
associated documentation or information are expressly subject 
to the terms and conditions of the Intel Program License 
Subscription Agreement, the Intel Quartus Prime License Agreement,
the Intel FPGA IP License Agreement, or other applicable license
agreement, including, without limitation, that your use is for
the sole purpose of programming logic devices manufactured by
Intel and sold by Intel or its authorized distributors.  Please
refer to the applicable agreement for further details.



+-------------------------------------------------------------------------------+
; Analysis & Synthesis Summary                                                  ;
+---------------------------------+---------------------------------------------+
; Analysis & Synthesis Status     ; Successful - Mon May 28 21:10:49 2018       ;
; Quartus Prime Version           ; 17.1.0 Build 590 10/25/2017 SJ Lite Edition ;
; Revision Name                   ; hdmiImageOverlay                            ;
; Top-level Entity Name           ; hdmiImageOverlay                            ;
; Family                          ; Cyclone V                                   ;
; Logic utilization (in ALMs)     ; N/A                                         ;
; Total registers                 ; 84                                          ;
; Total pins                      ; 36                                          ;
; Total virtual pins              ; 0                                           ;
; Total block memory bits         ; 0                                           ;
; Total DSP Blocks                ; 0                                           ;
; Total HSSI RX PCSs              ; 0                                           ;
; Total HSSI PMA RX Deserializers ; 0                                           ;
; Total HSSI TX PCSs              ; 0                                           ;
; Total HSSI PMA TX Serializers   ; 0                                           ;
; Total PLLs                      ; 0                                           ;
; Total DLLs                      ; 0                                           ;
+---------------------------------+---------------------------------------------+


+---------------------------------------------------------------------------------------------------------------------------+
; Analysis & Synthesis Settings                                                                                             ;
+---------------------------------------------------------------------------------+--------------------+--------------------+
; Option                                                                          ; Setting            ; Default Value      ;
+---------------------------------------------------------------------------------+--------------------+--------------------+
; Device                                                                          ; 5CSEBA6U23I7DK     ;                    ;
; Top-level entity name                                                           ; hdmiImageOverlay   ; hdmiImageOverlay   ;
; Family name                                                                     ; Cyclone V          ; Cyclone V          ;
; Use smart compilation                                                           ; Off                ; Off                ;
; Enable parallel Assembler and TimeQuest Timing Analyzer during compilation      ; On                 ; On                 ;
; Enable compact report table                                                     ; Off                ; Off                ;
; Restructure Multiplexers                                                        ; Auto               ; Auto               ;
; MLAB Add Timing Constraints For Mixed-Port Feed-Through Mode Setting Don't Care ; Off                ; Off                ;
; Create Debugging Nodes for IP Cores                                             ; Off                ; Off                ;
; Preserve fewer node names                                                       ; On                 ; On                 ;
; Intel FPGA IP Evaluation Mode                                                   ; Enable             ; Enable             ;
; Verilog Version                                                                 ; Verilog_2001       ; Verilog_2001       ;
; VHDL Version                                                                    ; VHDL_1993          ; VHDL_1993          ;
; State Machine Processing                                                        ; Auto               ; Auto               ;
; Safe State Machine                                                              ; Off                ; Off                ;
; Extract Verilog State Machines                                                  ; On                 ; On                 ;
; Extract VHDL State Machines                                                     ; On                 ; On                 ;
; Ignore Verilog initial constructs                                               ; Off                ; Off                ;
; Iteration limit for constant Verilog loops                                      ; 5000               ; 5000               ;
; Iteration limit for non-constant Verilog loops                                  ; 250                ; 250                ;
; Add Pass-Through Logic to Inferred RAMs                                         ; On                 ; On                 ;
; Infer RAMs from Raw Logic                                                       ; On                 ; On                 ;
; Parallel Synthesis                                                              ; On                 ; On                 ;
; DSP Block Balancing                                                             ; Auto               ; Auto               ;
; NOT Gate Push-Back                                                              ; On                 ; On                 ;
; Power-Up Don't Care                                                             ; On                 ; On                 ;
; Remove Redundant Logic Cells                                                    ; Off                ; Off                ;
; Remove Duplicate Registers                                                      ; On                 ; On                 ;
; Ignore CARRY Buffers                                                            ; Off                ; Off                ;
; Ignore CASCADE Buffers                                                          ; Off                ; Off                ;
; Ignore GLOBAL Buffers                                                           ; Off                ; Off                ;
; Ignore ROW GLOBAL Buffers                                                       ; Off                ; Off                ;
; Ignore LCELL Buffers                                                            ; Off                ; Off                ;
; Ignore SOFT Buffers                                                             ; On                 ; On                 ;
; Limit AHDL Integers to 32 Bits                                                  ; Off                ; Off                ;
; Optimization Technique                                                          ; Balanced           ; Balanced           ;
; Carry Chain Length                                                              ; 70                 ; 70                 ;
; Auto Carry Chains                                                               ; On                 ; On                 ;
; Auto Open-Drain Pins                                                            ; On                 ; On                 ;
; Perform WYSIWYG Primitive Resynthesis                                           ; Off                ; Off                ;
; Auto ROM Replacement                                                            ; On                 ; On                 ;
; Auto RAM Replacement                                                            ; On                 ; On                 ;
; Auto DSP Block Replacement                                                      ; On                 ; On                 ;
; Auto Shift Register Replacement                                                 ; Auto               ; Auto               ;
; Allow Shift Register Merging across Hierarchies                                 ; Auto               ; Auto               ;
; Auto Clock Enable Replacement                                                   ; On                 ; On                 ;
; Strict RAM Replacement                                                          ; Off                ; Off                ;
; Allow Synchronous Control Signals                                               ; On                 ; On                 ;
; Force Use of Synchronous Clear Signals                                          ; Off                ; Off                ;
; Auto Resource Sharing                                                           ; Off                ; Off                ;
; Allow Any RAM Size For Recognition                                              ; Off                ; Off                ;
; Allow Any ROM Size For Recognition                                              ; Off                ; Off                ;
; Allow Any Shift Register Size For Recognition                                   ; Off                ; Off                ;
; Use LogicLock Constraints during Resource Balancing                             ; On                 ; On                 ;
; Ignore translate_off and synthesis_off directives                               ; Off                ; Off                ;
; Timing-Driven Synthesis                                                         ; On                 ; On                 ;
; Report Parameter Settings                                                       ; On                 ; On                 ;
; Report Source Assignments                                                       ; On                 ; On                 ;
; Report Connectivity Checks                                                      ; On                 ; On                 ;
; Ignore Maximum Fan-Out Assignments                                              ; Off                ; Off                ;
; Synchronization Register Chain Length                                           ; 3                  ; 3                  ;
; Power Optimization During Synthesis                                             ; Normal compilation ; Normal compilation ;
; HDL message level                                                               ; Level2             ; Level2             ;
; Suppress Register Optimization Related Messages                                 ; Off                ; Off                ;
; Number of Removed Registers Reported in Synthesis Report                        ; 5000               ; 5000               ;
; Number of Swept Nodes Reported in Synthesis Report                              ; 5000               ; 5000               ;
; Number of Inverted Registers Reported in Synthesis Report                       ; 100                ; 100                ;
; Clock MUX Protection                                                            ; On                 ; On                 ;
; Auto Gated Clock Conversion                                                     ; Off                ; Off                ;
; Block Design Naming                                                             ; Auto               ; Auto               ;
; SDC constraint protection                                                       ; Off                ; Off                ;
; Synthesis Effort                                                                ; Auto               ; Auto               ;
; Shift Register Replacement - Allow Asynchronous Clear Signal                    ; On                 ; On                 ;
; Pre-Mapping Resynthesis Optimization                                            ; Off                ; Off                ;
; Analysis & Synthesis Message Level                                              ; Medium             ; Medium             ;
; Disable Register Merging Across Hierarchies                                     ; Auto               ; Auto               ;
; Resource Aware Inference For Block RAM                                          ; On                 ; On                 ;
; Automatic Parallel Synthesis                                                    ; On                 ; On                 ;
; Partial Reconfiguration Bitstream ID                                            ; Off                ; Off                ;
+---------------------------------------------------------------------------------+--------------------+--------------------+


+------------------------------------------+
; Parallel Compilation                     ;
+----------------------------+-------------+
; Processors                 ; Number      ;
+----------------------------+-------------+
; Number detected on machine ; 4           ;
; Maximum allowed            ; 4           ;
;                            ;             ;
; Average used               ; 1.00        ;
; Maximum used               ; 4           ;
;                            ;             ;
; Usage by Processor         ; % Time Used ;
;     Processor 1            ; 100.0%      ;
;     Processors 2-4         ;   0.0%      ;
+----------------------------+-------------+


+--------------------------------------------------------------------------------------------------------------------------------------------------------------------------------------------------------------------------------------------------------------+
; Analysis & Synthesis Source Files Read                                                                                                                                                                                                                       ;
+-------------------------------------+-----------------+------------------------+-------------------------------------------------------------------------------------------------------------------------------------------------------------------+---------+
; File Name with User-Entered Path    ; Used in Netlist ; File Type              ; File Name with Absolute Path                                                                                                                                      ; Library ;
+-------------------------------------+-----------------+------------------------+-------------------------------------------------------------------------------------------------------------------------------------------------------------------+---------+
; ../HDL Files/i2cRegisterConfigure.v ; yes             ; User Verilog HDL File  ; C:/Users/Alexander/Documents/University/2018/Semester 1/EEET2162 Advanced Digital Design 1/Major Project/FPGA-HDMI-Image-Overlay/HDL Files/i2cRegisterConfigure.v ;         ;
; ../HDL Files/vsync.v                ; yes             ; User Verilog HDL File  ; C:/Users/Alexander/Documents/University/2018/Semester 1/EEET2162 Advanced Digital Design 1/Major Project/FPGA-HDMI-Image-Overlay/HDL Files/vsync.v                ;         ;
; ../HDL Files/i2cInterface.v         ; yes             ; User Verilog HDL File  ; C:/Users/Alexander/Documents/University/2018/Semester 1/EEET2162 Advanced Digital Design 1/Major Project/FPGA-HDMI-Image-Overlay/HDL Files/i2cInterface.v         ;         ;
; ../HDL Files/hsync.v                ; yes             ; User Verilog HDL File  ; C:/Users/Alexander/Documents/University/2018/Semester 1/EEET2162 Advanced Digital Design 1/Major Project/FPGA-HDMI-Image-Overlay/HDL Files/hsync.v                ;         ;
; ../HDL Files/hdmiImageOverlay.v     ; yes             ; User Verilog HDL File  ; C:/Users/Alexander/Documents/University/2018/Semester 1/EEET2162 Advanced Digital Design 1/Major Project/FPGA-HDMI-Image-Overlay/HDL Files/hdmiImageOverlay.v     ;         ;
; ../HDL Files/DE.v                   ; yes             ; User Verilog HDL File  ; C:/Users/Alexander/Documents/University/2018/Semester 1/EEET2162 Advanced Digital Design 1/Major Project/FPGA-HDMI-Image-Overlay/HDL Files/DE.v                   ;         ;
; ../HDL Files/dataWrite.v            ; yes             ; User Verilog HDL File  ; C:/Users/Alexander/Documents/University/2018/Semester 1/EEET2162 Advanced Digital Design 1/Major Project/FPGA-HDMI-Image-Overlay/HDL Files/dataWrite.v            ;         ;
; ../HDL Files/counter.v              ; yes             ; User Verilog HDL File  ; C:/Users/Alexander/Documents/University/2018/Semester 1/EEET2162 Advanced Digital Design 1/Major Project/FPGA-HDMI-Image-Overlay/HDL Files/counter.v              ;         ;
; ../HDL Files/clockGen.v             ; yes             ; User Verilog HDL File  ; C:/Users/Alexander/Documents/University/2018/Semester 1/EEET2162 Advanced Digital Design 1/Major Project/FPGA-HDMI-Image-Overlay/HDL Files/clockGen.v             ;         ;
+-------------------------------------+-----------------+------------------------+-------------------------------------------------------------------------------------------------------------------------------------------------------------------+---------+


+--------------------------------------------------------------------------+
; Analysis & Synthesis Resource Usage Summary                              ;
+---------------------------------------------+----------------------------+
; Resource                                    ; Usage                      ;
+---------------------------------------------+----------------------------+
; Estimate of Logic utilization (ALMs needed) ; 50                         ;
;                                             ;                            ;
; Combinational ALUT usage for logic          ; 70                         ;
;     -- 7 input functions                    ; 2                          ;
;     -- 6 input functions                    ; 9                          ;
;     -- 5 input functions                    ; 15                         ;
;     -- 4 input functions                    ; 15                         ;
;     -- <=3 input functions                  ; 29                         ;
;                                             ;                            ;
; Dedicated logic registers                   ; 84                         ;
;                                             ;                            ;
; I/O pins                                    ; 36                         ;
;                                             ;                            ;
; Total DSP Blocks                            ; 0                          ;
;                                             ;                            ;
; Maximum fan-out node                        ; clockGen:pixelClockGen|clk ;
; Maximum fan-out                             ; 40                         ;
; Total fan-out                               ; 484                        ;
; Average fan-out                             ; 2.13                       ;
+---------------------------------------------+----------------------------+


+--------------------------------------------------------------------------------------------------------------------------------------------------------------------------------------------------------------------------------------------+
; Analysis & Synthesis Resource Utilization by Entity                                                                                                                                                                                        ;
+----------------------------------+---------------------+---------------------------+-------------------+------------+------+--------------+----------------------------------------------------------+----------------------+--------------+
; Compilation Hierarchy Node       ; Combinational ALUTs ; Dedicated Logic Registers ; Block Memory Bits ; DSP Blocks ; Pins ; Virtual Pins ; Full Hierarchy Name                                      ; Entity Name          ; Library Name ;
+----------------------------------+---------------------+---------------------------+-------------------+------------+------+--------------+----------------------------------------------------------+----------------------+--------------+
; |hdmiImageOverlay                ; 70 (0)              ; 84 (0)                    ; 0                 ; 0          ; 36   ; 0            ; |hdmiImageOverlay                                        ; hdmiImageOverlay     ; work         ;
;    |DE:de_module|                ; 2 (2)               ; 1 (1)                     ; 0                 ; 0          ; 0    ; 0            ; |hdmiImageOverlay|DE:de_module                           ; DE                   ; work         ;
;    |clockGen:pixelClockGen|      ; 2 (2)               ; 2 (2)                     ; 0                 ; 0          ; 0    ; 0            ; |hdmiImageOverlay|clockGen:pixelClockGen                 ; clockGen             ; work         ;
;    |counter:hCounter|            ; 15 (15)             ; 12 (12)                   ; 0                 ; 0          ; 0    ; 0            ; |hdmiImageOverlay|counter:hCounter                       ; counter              ; work         ;
;    |dataWrite:dataWrite_module|  ; 0 (0)               ; 24 (24)                   ; 0                 ; 0          ; 0    ; 0            ; |hdmiImageOverlay|dataWrite:dataWrite_module             ; dataWrite            ; work         ;
;    |hsync:hSync|                 ; 1 (1)               ; 1 (1)                     ; 0                 ; 0          ; 0    ; 0            ; |hdmiImageOverlay|hsync:hSync                            ; hsync                ; work         ;
;    |i2cInterface:i2c|            ; 44 (34)             ; 38 (30)                   ; 0                 ; 0          ; 0    ; 0            ; |hdmiImageOverlay|i2cInterface:i2c                       ; i2cInterface         ; work         ;
;       |clockGen:clockDivider|    ; 10 (10)             ; 8 (8)                     ; 0                 ; 0          ; 0    ; 0            ; |hdmiImageOverlay|i2cInterface:i2c|clockGen:clockDivider ; clockGen             ; work         ;
;    |i2cRegisterConfigure:i2cROM| ; 5 (5)               ; 5 (5)                     ; 0                 ; 0          ; 0    ; 0            ; |hdmiImageOverlay|i2cRegisterConfigure:i2cROM            ; i2cRegisterConfigure ; work         ;
;    |vsync:vSync|                 ; 1 (1)               ; 1 (1)                     ; 0                 ; 0          ; 0    ; 0            ; |hdmiImageOverlay|vsync:vSync                            ; vsync                ; work         ;
+----------------------------------+---------------------+---------------------------+-------------------+------------+------+--------------+----------------------------------------------------------+----------------------+--------------+
Note: For table entries with two numbers listed, the numbers in parentheses indicate the number of resources of the given type used by the specific entity alone. The numbers listed outside of parentheses indicate the total resources of the given type used by the specific entity and all of its sub-entities in the hierarchy.


Encoding Type:  One-Hot
+-----------------------------------------------------------------------------------------------------------------------------------------------------------------------------------------------------------------------------------------------------------------------------------------------------------------------------------------------------------------------------------------------------------+
; State Machine - |hdmiImageOverlay|i2cInterface:i2c|currentState                                                                                                                                                                                                                                                                                                                                           ;
+---------------------------------+-----------------------+-----------------------+----------------------+----------------------+----------------------+----------------------+--------------------------+----------------------------+----------------------------+-----------------------+------------------------+---------------------------------+----------------------------+------------------------+
; Name                            ; currentState.i2cStop2 ; currentState.i2cStop1 ; currentState.i2cAck4 ; currentState.i2cAck3 ; currentState.i2cAck2 ; currentState.i2cAck1 ; currentState.i2cClockLow ; currentState.i2cClockHigh2 ; currentState.i2cClockHigh1 ; currentState.i2cShift ; currentState.i2cEnable ; currentState.i2cInitialiseDelay ; currentState.i2cInitialise ; currentState.idleState ;
+---------------------------------+-----------------------+-----------------------+----------------------+----------------------+----------------------+----------------------+--------------------------+----------------------------+----------------------------+-----------------------+------------------------+---------------------------------+----------------------------+------------------------+
; currentState.idleState          ; 0                     ; 0                     ; 0                    ; 0                    ; 0                    ; 0                    ; 0                        ; 0                          ; 0                          ; 0                     ; 0                      ; 0                               ; 0                          ; 0                      ;
; currentState.i2cInitialise      ; 0                     ; 0                     ; 0                    ; 0                    ; 0                    ; 0                    ; 0                        ; 0                          ; 0                          ; 0                     ; 0                      ; 0                               ; 1                          ; 1                      ;
; currentState.i2cInitialiseDelay ; 0                     ; 0                     ; 0                    ; 0                    ; 0                    ; 0                    ; 0                        ; 0                          ; 0                          ; 0                     ; 0                      ; 1                               ; 0                          ; 1                      ;
; currentState.i2cEnable          ; 0                     ; 0                     ; 0                    ; 0                    ; 0                    ; 0                    ; 0                        ; 0                          ; 0                          ; 0                     ; 1                      ; 0                               ; 0                          ; 1                      ;
; currentState.i2cShift           ; 0                     ; 0                     ; 0                    ; 0                    ; 0                    ; 0                    ; 0                        ; 0                          ; 0                          ; 1                     ; 0                      ; 0                               ; 0                          ; 1                      ;
; currentState.i2cClockHigh1      ; 0                     ; 0                     ; 0                    ; 0                    ; 0                    ; 0                    ; 0                        ; 0                          ; 1                          ; 0                     ; 0                      ; 0                               ; 0                          ; 1                      ;
; currentState.i2cClockHigh2      ; 0                     ; 0                     ; 0                    ; 0                    ; 0                    ; 0                    ; 0                        ; 1                          ; 0                          ; 0                     ; 0                      ; 0                               ; 0                          ; 1                      ;
; currentState.i2cClockLow        ; 0                     ; 0                     ; 0                    ; 0                    ; 0                    ; 0                    ; 1                        ; 0                          ; 0                          ; 0                     ; 0                      ; 0                               ; 0                          ; 1                      ;
; currentState.i2cAck1            ; 0                     ; 0                     ; 0                    ; 0                    ; 0                    ; 1                    ; 0                        ; 0                          ; 0                          ; 0                     ; 0                      ; 0                               ; 0                          ; 1                      ;
; currentState.i2cAck2            ; 0                     ; 0                     ; 0                    ; 0                    ; 1                    ; 0                    ; 0                        ; 0                          ; 0                          ; 0                     ; 0                      ; 0                               ; 0                          ; 1                      ;
; currentState.i2cAck3            ; 0                     ; 0                     ; 0                    ; 1                    ; 0                    ; 0                    ; 0                        ; 0                          ; 0                          ; 0                     ; 0                      ; 0                               ; 0                          ; 1                      ;
; currentState.i2cAck4            ; 0                     ; 0                     ; 1                    ; 0                    ; 0                    ; 0                    ; 0                        ; 0                          ; 0                          ; 0                     ; 0                      ; 0                               ; 0                          ; 1                      ;
; currentState.i2cStop1           ; 0                     ; 1                     ; 0                    ; 0                    ; 0                    ; 0                    ; 0                        ; 0                          ; 0                          ; 0                     ; 0                      ; 0                               ; 0                          ; 1                      ;
; currentState.i2cStop2           ; 1                     ; 0                     ; 0                    ; 0                    ; 0                    ; 0                    ; 0                        ; 0                          ; 0                          ; 0                     ; 0                      ; 0                               ; 0                          ; 1                      ;
+---------------------------------+-----------------------+-----------------------+----------------------+----------------------+----------------------+----------------------+--------------------------+----------------------------+----------------------------+-----------------------+------------------------+---------------------------------+----------------------------+------------------------+


Encoding Type:  One-Hot
+------------------------------------------------------------------------+
; State Machine - |hdmiImageOverlay|dataWrite:dataWrite_module|nextState ;
+------------------------------------------------------------------------+
; Name                                                                   ;
+------------------------------------------------------------------------+
; nextState.state1                                                       ;
+------------------------------------------------------------------------+


Encoding Type:  One-Hot
+---------------------------------------------------------------------------+
; State Machine - |hdmiImageOverlay|dataWrite:dataWrite_module|currentState ;
+---------------------------------------------------------------------------+
; Name                                                                      ;
+---------------------------------------------------------------------------+
; currentState.state1                                                       ;
+---------------------------------------------------------------------------+


+-------------------------------------------------------------------------------------------+
; Registers Removed During Synthesis                                                        ;
+-------------------------------------------+-----------------------------------------------+
; Register name                             ; Reason for Removal                            ;
+-------------------------------------------+-----------------------------------------------+
; counter:vCounter|counterValue[11]         ; Merged with counter:hCounter|counterValue[11] ;
; counter:vCounter|counterValue[10]         ; Merged with counter:hCounter|counterValue[10] ;
; counter:vCounter|counterValue[9]          ; Merged with counter:hCounter|counterValue[9]  ;
; counter:vCounter|counterValue[8]          ; Merged with counter:hCounter|counterValue[8]  ;
; counter:vCounter|counterValue[7]          ; Merged with counter:hCounter|counterValue[7]  ;
; counter:vCounter|counterValue[6]          ; Merged with counter:hCounter|counterValue[6]  ;
; counter:vCounter|counterValue[5]          ; Merged with counter:hCounter|counterValue[5]  ;
; counter:vCounter|counterValue[4]          ; Merged with counter:hCounter|counterValue[4]  ;
; counter:vCounter|counterValue[3]          ; Merged with counter:hCounter|counterValue[3]  ;
; counter:vCounter|counterValue[2]          ; Merged with counter:hCounter|counterValue[2]  ;
; counter:vCounter|counterValue[1]          ; Merged with counter:hCounter|counterValue[1]  ;
; counter:vCounter|counterValue[0]          ; Merged with counter:hCounter|counterValue[0]  ;
; i2cInterface:i2c|currentState~2           ; Lost fanout                                   ;
; i2cInterface:i2c|currentState~3           ; Lost fanout                                   ;
; i2cInterface:i2c|currentState~4           ; Lost fanout                                   ;
; i2cInterface:i2c|currentState~5           ; Lost fanout                                   ;
; dataWrite:dataWrite_module|nextState~2    ; Lost fanout                                   ;
; dataWrite:dataWrite_module|nextState~3    ; Lost fanout                                   ;
; dataWrite:dataWrite_module|currentState~2 ; Lost fanout                                   ;
; dataWrite:dataWrite_module|currentState~3 ; Lost fanout                                   ;
; i2cInterface:i2c|SDAOut~en                ; Merged with i2cInterface:i2c|i2cSDAOut        ;
; Total Number of Removed Registers = 21    ;                                               ;
+-------------------------------------------+-----------------------------------------------+


+------------------------------------------------------+
; General Register Statistics                          ;
+----------------------------------------------+-------+
; Statistic                                    ; Value ;
+----------------------------------------------+-------+
; Total registers                              ; 84    ;
; Number of registers using Synchronous Clear  ; 12    ;
; Number of registers using Synchronous Load   ; 0     ;
; Number of registers using Asynchronous Clear ; 0     ;
; Number of registers using Asynchronous Load  ; 0     ;
; Number of registers using Clock Enable       ; 0     ;
; Number of registers using Preset             ; 0     ;
+----------------------------------------------+-------+


+----------------------------------------------------------------------------------+
; Parameter Settings for User Entity Instance: Top-level Entity: |hdmiImageOverlay ;
+----------------+----------+------------------------------------------------------+
; Parameter Name ; Value    ; Type                                                 ;
+----------------+----------+------------------------------------------------------+
; hPixels        ; 720      ; Signed Integer                                       ;
; vPixels        ; 1280     ; Signed Integer                                       ;
; refreshRate    ; 30       ; Signed Integer                                       ;
; inputSpeed     ; 50000000 ; Signed Integer                                       ;
; outputSpeed    ; 27648000 ; Signed Integer                                       ;
; hCountWidth    ; 12       ; Signed Integer                                       ;
; vCountWidth    ; 12       ; Signed Integer                                       ;
+----------------+----------+------------------------------------------------------+
Note: In order to hide this table in the UI and the text report file, please set the "Show Parameter Settings in Synthesis Report" option in "Analysis and Synthesis Settings -> More Settings" to "Off".


+---------------------------------------------------------------------+
; Parameter Settings for User Entity Instance: clockGen:pixelClockGen ;
+----------------+----------+-----------------------------------------+
; Parameter Name ; Value    ; Type                                    ;
+----------------+----------+-----------------------------------------+
; inputSpeed     ; 50000000 ; Signed Integer                          ;
; outputSpeed    ; 27648000 ; Signed Integer                          ;
; busWidth       ; 1        ; Signed Integer                          ;
+----------------+----------+-----------------------------------------+
Note: In order to hide this table in the UI and the text report file, please set the "Show Parameter Settings in Synthesis Report" option in "Analysis and Synthesis Settings -> More Settings" to "Off".


+---------------------------------------------------------------+
; Parameter Settings for User Entity Instance: counter:hCounter ;
+----------------+-------+--------------------------------------+
; Parameter Name ; Value ; Type                                 ;
+----------------+-------+--------------------------------------+
; busWidth       ; 12    ; Signed Integer                       ;
+----------------+-------+--------------------------------------+
Note: In order to hide this table in the UI and the text report file, please set the "Show Parameter Settings in Synthesis Report" option in "Analysis and Synthesis Settings -> More Settings" to "Off".


+---------------------------------------------------------------+
; Parameter Settings for User Entity Instance: counter:vCounter ;
+----------------+-------+--------------------------------------+
; Parameter Name ; Value ; Type                                 ;
+----------------+-------+--------------------------------------+
; busWidth       ; 12    ; Signed Integer                       ;
+----------------+-------+--------------------------------------+
Note: In order to hide this table in the UI and the text report file, please set the "Show Parameter Settings in Synthesis Report" option in "Analysis and Synthesis Settings -> More Settings" to "Off".


+----------------------------------------------------------+
; Parameter Settings for User Entity Instance: hsync:hSync ;
+----------------+-------+---------------------------------+
; Parameter Name ; Value ; Type                            ;
+----------------+-------+---------------------------------+
; busWidth       ; 12    ; Signed Integer                  ;
; resHorizontal  ; 720   ; Signed Integer                  ;
+----------------+-------+---------------------------------+
Note: In order to hide this table in the UI and the text report file, please set the "Show Parameter Settings in Synthesis Report" option in "Analysis and Synthesis Settings -> More Settings" to "Off".


+----------------------------------------------------------+
; Parameter Settings for User Entity Instance: vsync:vSync ;
+----------------+-------+---------------------------------+
; Parameter Name ; Value ; Type                            ;
+----------------+-------+---------------------------------+
; busWidth       ; 12    ; Signed Integer                  ;
; resVertical    ; 1280  ; Signed Integer                  ;
+----------------+-------+---------------------------------+
Note: In order to hide this table in the UI and the text report file, please set the "Show Parameter Settings in Synthesis Report" option in "Analysis and Synthesis Settings -> More Settings" to "Off".


+-----------------------------------------------------------+
; Parameter Settings for User Entity Instance: DE:de_module ;
+----------------+-------+----------------------------------+
; Parameter Name ; Value ; Type                             ;
+----------------+-------+----------------------------------+
; busWidth       ; 12    ; Signed Integer                   ;
; resHorizontal  ; 720   ; Signed Integer                   ;
; resVertical    ; 1280  ; Signed Integer                   ;
+----------------+-------+----------------------------------+
Note: In order to hide this table in the UI and the text report file, please set the "Show Parameter Settings in Synthesis Report" option in "Analysis and Synthesis Settings -> More Settings" to "Off".


+-------------------------------------------------------------------------+
; Parameter Settings for User Entity Instance: dataWrite:dataWrite_module ;
+----------------+-------+------------------------------------------------+
; Parameter Name ; Value ; Type                                           ;
+----------------+-------+------------------------------------------------+
; state1         ; 00    ; Unsigned Binary                                ;
; state2         ; 01    ; Unsigned Binary                                ;
; state3         ; 10    ; Unsigned Binary                                ;
; state4         ; 11    ; Unsigned Binary                                ;
+----------------+-------+------------------------------------------------+
Note: In order to hide this table in the UI and the text report file, please set the "Show Parameter Settings in Synthesis Report" option in "Analysis and Synthesis Settings -> More Settings" to "Off".


+--------------------------------------------------------------------------+
; Parameter Settings for User Entity Instance: i2cRegisterConfigure:i2cROM ;
+----------------+-------+-------------------------------------------------+
; Parameter Name ; Value ; Type                                            ;
+----------------+-------+-------------------------------------------------+
; bitLength      ; 24    ; Signed Integer                                  ;
; addressWidth   ; 4     ; Signed Integer                                  ;
+----------------+-------+-------------------------------------------------+
Note: In order to hide this table in the UI and the text report file, please set the "Show Parameter Settings in Synthesis Report" option in "Analysis and Synthesis Settings -> More Settings" to "Off".


+---------------------------------------------------------------+
; Parameter Settings for User Entity Instance: i2cInterface:i2c ;
+----------------+----------+-----------------------------------+
; Parameter Name ; Value    ; Type                              ;
+----------------+----------+-----------------------------------+
; inputSpeed     ; 50000000 ; Signed Integer                    ;
; sclSpeed       ; 100000   ; Signed Integer                    ;
+----------------+----------+-----------------------------------+
Note: In order to hide this table in the UI and the text report file, please set the "Show Parameter Settings in Synthesis Report" option in "Analysis and Synthesis Settings -> More Settings" to "Off".


+-------------------------------------------------------------------------------------+
; Parameter Settings for User Entity Instance: i2cInterface:i2c|clockGen:clockDivider ;
+----------------+----------+---------------------------------------------------------+
; Parameter Name ; Value    ; Type                                                    ;
+----------------+----------+---------------------------------------------------------+
; inputSpeed     ; 50000000 ; Signed Integer                                          ;
; outputSpeed    ; 400000   ; Signed Integer                                          ;
; busWidth       ; 7        ; Signed Integer                                          ;
+----------------+----------+---------------------------------------------------------+
Note: In order to hide this table in the UI and the text report file, please set the "Show Parameter Settings in Synthesis Report" option in "Analysis and Synthesis Settings -> More Settings" to "Off".


+-------------------------------------------------------------------------------------------------------------------------------------------+
; Port Connectivity Checks: "DE:de_module"                                                                                                  ;
+------------+--------+----------+----------------------------------------------------------------------------------------------------------+
; Port       ; Type   ; Severity ; Details                                                                                                  ;
+------------+--------+----------+----------------------------------------------------------------------------------------------------------+
; pixelClock ; Output ; Warning  ; Declared by entity but not connected by instance. Logic that only feeds a dangling port will be removed. ;
+------------+--------+----------+----------------------------------------------------------------------------------------------------------+


+------------------------------------------------------------------------------------------------------------------------------------------------------------------------------------+
; Port Connectivity Checks: "counter:vCounter"                                                                                                                                       ;
+------------------+--------+----------+---------------------------------------------------------------------------------------------------------------------------------------------+
; Port             ; Type   ; Severity ; Details                                                                                                                                     ;
+------------------+--------+----------+---------------------------------------------------------------------------------------------------------------------------------------------+
; D                ; Input  ; Warning  ; Input port expression (1 bits) is smaller than the input port (12 bits) it drives.  Extra input bit(s) "D[11..1]" will be connected to GND. ;
; D                ; Input  ; Info     ; Stuck at GND                                                                                                                                ;
; parallelEnable_n ; Input  ; Info     ; Stuck at VCC                                                                                                                                ;
; countEnable      ; Input  ; Info     ; Stuck at VCC                                                                                                                                ;
; masterReset_n    ; Input  ; Info     ; Stuck at VCC                                                                                                                                ;
; terminalCount    ; Output ; Warning  ; Declared by entity but not connected by instance. Logic that only feeds a dangling port will be removed.                                    ;
+------------------+--------+----------+---------------------------------------------------------------------------------------------------------------------------------------------+


+------------------------------------------------------------------------------------------------------------------------------------------------------------------------------------+
; Port Connectivity Checks: "counter:hCounter"                                                                                                                                       ;
+------------------+--------+----------+---------------------------------------------------------------------------------------------------------------------------------------------+
; Port             ; Type   ; Severity ; Details                                                                                                                                     ;
+------------------+--------+----------+---------------------------------------------------------------------------------------------------------------------------------------------+
; D                ; Input  ; Warning  ; Input port expression (1 bits) is smaller than the input port (12 bits) it drives.  Extra input bit(s) "D[11..1]" will be connected to GND. ;
; D                ; Input  ; Info     ; Stuck at GND                                                                                                                                ;
; parallelEnable_n ; Input  ; Info     ; Stuck at VCC                                                                                                                                ;
; countEnable      ; Input  ; Info     ; Stuck at VCC                                                                                                                                ;
; masterReset_n    ; Input  ; Info     ; Stuck at VCC                                                                                                                                ;
; terminalCount    ; Output ; Warning  ; Declared by entity but not connected by instance. Logic that only feeds a dangling port will be removed.                                    ;
+------------------+--------+----------+---------------------------------------------------------------------------------------------------------------------------------------------+


+-----------------------------------------------------+
; Post-Synthesis Netlist Statistics for Top Partition ;
+-----------------------+-----------------------------+
; Type                  ; Count                       ;
+-----------------------+-----------------------------+
; arriav_ff             ; 84                          ;
;     SCLR              ; 12                          ;
;     plain             ; 72                          ;
; arriav_io_obuf        ; 1                           ;
; arriav_lcell_comb     ; 70                          ;
;     arith             ; 19                          ;
;         1 data inputs ; 19                          ;
;     extend            ; 2                           ;
;         7 data inputs ; 2                           ;
;     normal            ; 49                          ;
;         1 data inputs ; 2                           ;
;         2 data inputs ; 4                           ;
;         3 data inputs ; 4                           ;
;         4 data inputs ; 15                          ;
;         5 data inputs ; 15                          ;
;         6 data inputs ; 9                           ;
; boundary_port         ; 36                          ;
;                       ;                             ;
; Max LUT depth         ; 3.00                        ;
; Average LUT depth     ; 1.54                        ;
+-----------------------+-----------------------------+


+-------------------------------+
; Elapsed Time Per Partition    ;
+----------------+--------------+
; Partition Name ; Elapsed Time ;
+----------------+--------------+
; Top            ; 00:00:00     ;
+----------------+--------------+


+-------------------------------+
; Analysis & Synthesis Messages ;
+-------------------------------+
Info: *******************************************************************
Info: Running Quartus Prime Analysis & Synthesis
    Info: Version 17.1.0 Build 590 10/25/2017 SJ Lite Edition
    Info: Processing started: Mon May 28 21:10:37 2018
Info: Command: quartus_map --read_settings_files=on --write_settings_files=off hdmiImageOverlay -c hdmiImageOverlay
Warning (18236): Number of processors has not been specified which may cause overloading on shared machines.  Set the global assignment NUM_PARALLEL_PROCESSORS in your QSF to an appropriate value for best performance.
Info (20030): Parallel compilation is enabled and will use 4 of the 4 processors detected
Info (12021): Found 1 design units, including 1 entities, in source file /users/alexander/documents/university/2018/semester 1/eeet2162 advanced digital design 1/major project/fpga-hdmi-image-overlay/hdl files/i2cregisterconfigure.v
    Info (12023): Found entity 1: i2cRegisterConfigure File: C:/Users/Alexander/Documents/University/2018/Semester 1/EEET2162 Advanced Digital Design 1/Major Project/FPGA-HDMI-Image-Overlay/HDL Files/i2cRegisterConfigure.v Line: 1
Info (12021): Found 1 design units, including 1 entities, in source file /users/alexander/documents/university/2018/semester 1/eeet2162 advanced digital design 1/major project/fpga-hdmi-image-overlay/hdl files/vsync.v
    Info (12023): Found entity 1: vsync File: C:/Users/Alexander/Documents/University/2018/Semester 1/EEET2162 Advanced Digital Design 1/Major Project/FPGA-HDMI-Image-Overlay/HDL Files/vsync.v Line: 3
Info (12021): Found 1 design units, including 1 entities, in source file /users/alexander/documents/university/2018/semester 1/eeet2162 advanced digital design 1/major project/fpga-hdmi-image-overlay/hdl files/i2cinterface.v
    Info (12023): Found entity 1: i2cInterface File: C:/Users/Alexander/Documents/University/2018/Semester 1/EEET2162 Advanced Digital Design 1/Major Project/FPGA-HDMI-Image-Overlay/HDL Files/i2cInterface.v Line: 26
Info (12021): Found 1 design units, including 1 entities, in source file /users/alexander/documents/university/2018/semester 1/eeet2162 advanced digital design 1/major project/fpga-hdmi-image-overlay/hdl files/hsync.v
    Info (12023): Found entity 1: hsync File: C:/Users/Alexander/Documents/University/2018/Semester 1/EEET2162 Advanced Digital Design 1/Major Project/FPGA-HDMI-Image-Overlay/HDL Files/hsync.v Line: 3
Info (12021): Found 1 design units, including 1 entities, in source file /users/alexander/documents/university/2018/semester 1/eeet2162 advanced digital design 1/major project/fpga-hdmi-image-overlay/hdl files/hdmiimageoverlay.v
    Info (12023): Found entity 1: hdmiImageOverlay File: C:/Users/Alexander/Documents/University/2018/Semester 1/EEET2162 Advanced Digital Design 1/Major Project/FPGA-HDMI-Image-Overlay/HDL Files/hdmiImageOverlay.v Line: 25
Info (12021): Found 1 design units, including 1 entities, in source file /users/alexander/documents/university/2018/semester 1/eeet2162 advanced digital design 1/major project/fpga-hdmi-image-overlay/hdl files/de.v
    Info (12023): Found entity 1: DE File: C:/Users/Alexander/Documents/University/2018/Semester 1/EEET2162 Advanced Digital Design 1/Major Project/FPGA-HDMI-Image-Overlay/HDL Files/DE.v Line: 3
Info (12021): Found 1 design units, including 1 entities, in source file /users/alexander/documents/university/2018/semester 1/eeet2162 advanced digital design 1/major project/fpga-hdmi-image-overlay/hdl files/datawrite.v
    Info (12023): Found entity 1: dataWrite File: C:/Users/Alexander/Documents/University/2018/Semester 1/EEET2162 Advanced Digital Design 1/Major Project/FPGA-HDMI-Image-Overlay/HDL Files/dataWrite.v Line: 14
Info (12021): Found 1 design units, including 1 entities, in source file /users/alexander/documents/university/2018/semester 1/eeet2162 advanced digital design 1/major project/fpga-hdmi-image-overlay/hdl files/counter.v
    Info (12023): Found entity 1: counter File: C:/Users/Alexander/Documents/University/2018/Semester 1/EEET2162 Advanced Digital Design 1/Major Project/FPGA-HDMI-Image-Overlay/HDL Files/counter.v Line: 30
Info (12021): Found 1 design units, including 1 entities, in source file /users/alexander/documents/university/2018/semester 1/eeet2162 advanced digital design 1/major project/fpga-hdmi-image-overlay/hdl files/clockgen.v
    Info (12023): Found entity 1: clockGen File: C:/Users/Alexander/Documents/University/2018/Semester 1/EEET2162 Advanced Digital Design 1/Major Project/FPGA-HDMI-Image-Overlay/HDL Files/clockGen.v Line: 32
Info (12127): Elaborating entity "hdmiImageOverlay" for the top level hierarchy
Info (12128): Elaborating entity "clockGen" for hierarchy "clockGen:pixelClockGen" File: C:/Users/Alexander/Documents/University/2018/Semester 1/EEET2162 Advanced Digital Design 1/Major Project/FPGA-HDMI-Image-Overlay/HDL Files/hdmiImageOverlay.v Line: 55
Info (12128): Elaborating entity "counter" for hierarchy "counter:hCounter" File: C:/Users/Alexander/Documents/University/2018/Semester 1/EEET2162 Advanced Digital Design 1/Major Project/FPGA-HDMI-Image-Overlay/HDL Files/hdmiImageOverlay.v Line: 88
Info (12128): Elaborating entity "hsync" for hierarchy "hsync:hSync" File: C:/Users/Alexander/Documents/University/2018/Semester 1/EEET2162 Advanced Digital Design 1/Major Project/FPGA-HDMI-Image-Overlay/HDL Files/hdmiImageOverlay.v Line: 113
Info (12128): Elaborating entity "vsync" for hierarchy "vsync:vSync" File: C:/Users/Alexander/Documents/University/2018/Semester 1/EEET2162 Advanced Digital Design 1/Major Project/FPGA-HDMI-Image-Overlay/HDL Files/hdmiImageOverlay.v Line: 125
Info (12128): Elaborating entity "DE" for hierarchy "DE:de_module" File: C:/Users/Alexander/Documents/University/2018/Semester 1/EEET2162 Advanced Digital Design 1/Major Project/FPGA-HDMI-Image-Overlay/HDL Files/hdmiImageOverlay.v Line: 136
Warning (10034): Output port "pixelClock" at DE.v(16) has no driver File: C:/Users/Alexander/Documents/University/2018/Semester 1/EEET2162 Advanced Digital Design 1/Major Project/FPGA-HDMI-Image-Overlay/HDL Files/DE.v Line: 16
Info (12128): Elaborating entity "dataWrite" for hierarchy "dataWrite:dataWrite_module" File: C:/Users/Alexander/Documents/University/2018/Semester 1/EEET2162 Advanced Digital Design 1/Major Project/FPGA-HDMI-Image-Overlay/HDL Files/hdmiImageOverlay.v Line: 143
Info (12128): Elaborating entity "i2cRegisterConfigure" for hierarchy "i2cRegisterConfigure:i2cROM" File: C:/Users/Alexander/Documents/University/2018/Semester 1/EEET2162 Advanced Digital Design 1/Major Project/FPGA-HDMI-Image-Overlay/HDL Files/hdmiImageOverlay.v Line: 155
Info (12128): Elaborating entity "i2cInterface" for hierarchy "i2cInterface:i2c" File: C:/Users/Alexander/Documents/University/2018/Semester 1/EEET2162 Advanced Digital Design 1/Major Project/FPGA-HDMI-Image-Overlay/HDL Files/hdmiImageOverlay.v Line: 167
Info (12128): Elaborating entity "clockGen" for hierarchy "i2cInterface:i2c|clockGen:clockDivider" File: C:/Users/Alexander/Documents/University/2018/Semester 1/EEET2162 Advanced Digital Design 1/Major Project/FPGA-HDMI-Image-Overlay/HDL Files/i2cInterface.v Line: 72
Warning (12241): 3 hierarchies have connectivity warnings - see the Connectivity Checks report folder
Info (286030): Timing-Driven Synthesis is running
Info (17049): 8 registers lost all their fanouts during netlist optimizations.
Info (144001): Generated suppressed messages file C:/Users/Alexander/Documents/University/2018/Semester 1/EEET2162 Advanced Digital Design 1/Major Project/FPGA-HDMI-Image-Overlay/Quartus Project Files/output_files/hdmiImageOverlay.map.smsg
Info (16010): Generating hard_block partition "hard_block:auto_generated_inst"
    Info (16011): Adding 0 node(s), including 0 DDIO, 0 PLL, 0 transceiver and 0 LCELL
Warning (21074): Design contains 6 input pin(s) that do not drive logic
    Warning (15610): No output dependent on input pin "key0" File: C:/Users/Alexander/Documents/University/2018/Semester 1/EEET2162 Advanced Digital Design 1/Major Project/FPGA-HDMI-Image-Overlay/HDL Files/hdmiImageOverlay.v Line: 27
    Warning (15610): No output dependent on input pin "key1" File: C:/Users/Alexander/Documents/University/2018/Semester 1/EEET2162 Advanced Digital Design 1/Major Project/FPGA-HDMI-Image-Overlay/HDL Files/hdmiImageOverlay.v Line: 28
    Warning (15610): No output dependent on input pin "sw[0]" File: C:/Users/Alexander/Documents/University/2018/Semester 1/EEET2162 Advanced Digital Design 1/Major Project/FPGA-HDMI-Image-Overlay/HDL Files/hdmiImageOverlay.v Line: 29
    Warning (15610): No output dependent on input pin "sw[1]" File: C:/Users/Alexander/Documents/University/2018/Semester 1/EEET2162 Advanced Digital Design 1/Major Project/FPGA-HDMI-Image-Overlay/HDL Files/hdmiImageOverlay.v Line: 29
    Warning (15610): No output dependent on input pin "sw[2]" File: C:/Users/Alexander/Documents/University/2018/Semester 1/EEET2162 Advanced Digital Design 1/Major Project/FPGA-HDMI-Image-Overlay/HDL Files/hdmiImageOverlay.v Line: 29
    Warning (15610): No output dependent on input pin "sw[3]" File: C:/Users/Alexander/Documents/University/2018/Semester 1/EEET2162 Advanced Digital Design 1/Major Project/FPGA-HDMI-Image-Overlay/HDL Files/hdmiImageOverlay.v Line: 29
Info (21057): Implemented 140 device resources after synthesis - the final resource count might be different
    Info (21058): Implemented 7 input pins
    Info (21059): Implemented 28 output pins
    Info (21060): Implemented 1 bidirectional pins
    Info (21061): Implemented 104 logic cells
Info: Quartus Prime Analysis & Synthesis was successful. 0 errors, 10 warnings
    Info: Peak virtual memory: 685 megabytes
    Info: Processing ended: Mon May 28 21:10:49 2018
    Info: Elapsed time: 00:00:12
    Info: Total CPU time (on all processors): 00:00:25


+------------------------------------------+
; Analysis & Synthesis Suppressed Messages ;
+------------------------------------------+
The suppressed messages can be found in C:/Users/Alexander/Documents/University/2018/Semester 1/EEET2162 Advanced Digital Design 1/Major Project/FPGA-HDMI-Image-Overlay/Quartus Project Files/output_files/hdmiImageOverlay.map.smsg.


